<?xml version="1.0" encoding="UTF-8"?>
<!-- Generated by org.testng.reporters.JUnitXMLReporter -->
<testsuite ignored="1" hostname="Arun-PC" failures="0" tests="2" name="Test" time="18.065" errors="0" timestamp="29 Mar 2025 02:01:54 GMT">
  <testcase classname="com.miss.FacebookTest" name="fb" time="6.337"/>
  <testcase classname="com.miss.OrangeHRMTest" name="hrm" time="11.727"/>
  <testcase classname="com.miss.IHGDropDownTest" name="ihgDropdown" time="0.0">
    <ignored/>
  </testcase> <!-- ihgDropdown -->
</testsuite> <!-- Test -->
