<?xml version="1.0" encoding="UTF-8"?>
<testsuite xmlns:xsi="http://www.w3.org/2001/XMLSchema-instance" xsi:noNamespaceSchemaLocation="https://maven.apache.org/surefire/maven-surefire-plugin/xsd/surefire-test-report.xsd" name="TestSuite" time="108.686" tests="10" errors="0" skipped="0" failures="0">
  <properties>
[...]
</properties>
  <testcase name="jQuery" classname="com.ng.JqueryTest" time="9.482"/>
  <testcase name="fb" classname="com.ng.FacebookTest" time="10.705"/>
  <testcase name="hrm" classname="com.ng.OrangeHRMTest" time="16.503"/>
  <testcase name="hrm" classname="com.grp.OrangeHRMTest" time="8.959"/>
  <testcase name="ihgDropdown" classname="com.grp.IHGDropDownTest" time="25.314"/>
  <testcase name="hrm" classname="com.all.OrangeHRMTest" time="9.057"/>
  <testcase name="ihgDropdown" classname="com.all.IHGDropDownTest" time="24.963"/>
  <testcase name="fb" classname="com.all.FacebookTest" time="4.682"/>
  <testcase name="fb" classname="com.miss.FacebookTest" time="6.323"/>
  <testcase name="hrm" classname="com.miss.OrangeHRMTest" time="11.719"/>
</testsuite>