<?xml version="1.0" encoding="UTF-8"?>
<!-- Generated by org.testng.reporters.JUnitXMLReporter -->
<testsuite ignored="1" hostname="Arun-PC" failures="0" tests="2" name="Test" time="34.271" errors="0" timestamp="29 Mar 2025 02:00:57 GMT">
  <testcase classname="com.grp.OrangeHRMTest" name="hrm" time="8.959"/>
  <testcase classname="com.grp.IHGDropDownTest" name="ihgDropdown" time="25.31"/>
  <testcase classname="com.grp.FacebookTest" name="fb" time="0.0">
    <ignored/>
  </testcase> <!-- fb -->
</testsuite> <!-- Test -->
